Requirement already satisfied: cloudant>=2.12.0 in /usr/local/lib/python3.9/site-packages (from -r requirements.txt (line 6)) (2.15.0)
Requirement already satisfied: datalad>=0.13.4 in /usr/local/lib/python3.9/site-packages (from -r requirements.txt (line 7)) (0.17.2)
Requirement already satisfied: pandas>=1.1.3 in /usr/local/lib/python3.9/site-packages (from -r requirements.txt (line 8)) (1.4.3)
Requirement already satisfied: numpy>=1.18.2 in /usr/local/lib/python3.9/site-packages (from -r requirements.txt (line 9)) (1.23.1)
Requirement already satisfied: Js2Py>=0.67 in /usr/local/lib/python3.9/site-packages (from -r requirements.txt (line 10)) (0.71)
Requirement already satisfied: keyring>=23.5.0 in /usr/local/lib/python3.9/site-packages (from -r requirements.txt (line 11)) (23.7.0)
Requirement already satisfied: matplotlib>=3.2.1 in /usr/local/lib/python3.9/site-packages (from -r requirements.txt (line 14)) (3.5.2)
Requirement already satisfied: Pillow>=8.3.2 in /usr/local/lib/python3.9/site-packages (from -r requirements.txt (line 15)) (9.2.0)
Requirement already satisfied: requests<3.0.0,>=2.7.0 in /usr/local/lib/python3.9/site-packages (from cloudant>=2.12.0->-r requirements.txt (line 6)) (2.28.1)
Requirement already satisfied: packaging in /usr/local/lib/python3.9/site-packages (from datalad>=0.13.4->-r requirements.txt (line 7)) (21.3)
Requirement already satisfied: iso8601 in /usr/local/lib/python3.9/site-packages (from datalad>=0.13.4->-r requirements.txt (line 7)) (1.0.2)
Requirement already satisfied: humanize in /usr/local/lib/python3.9/site-packages (from datalad>=0.13.4->-r requirements.txt (line 7)) (4.2.3)
Requirement already satisfied: python-gitlab in /usr/local/lib/python3.9/site-packages (from datalad>=0.13.4->-r requirements.txt (line 7)) (3.7.0)
Requirement already satisfied: msgpack in /usr/local/lib/python3.9/site-packages (from datalad>=0.13.4->-r requirements.txt (line 7)) (1.0.4)
Requirement already satisfied: keyrings.alt in /usr/local/lib/python3.9/site-packages (from datalad>=0.13.4->-r requirements.txt (line 7)) (4.1.1)
Requirement already satisfied: patool>=1.7 in /usr/local/lib/python3.9/site-packages (from datalad>=0.13.4->-r requirements.txt (line 7)) (1.12)
Requirement already satisfied: boto in /usr/local/lib/python3.9/site-packages (from datalad>=0.13.4->-r requirements.txt (line 7)) (2.49.0)
Requirement already satisfied: whoosh in /usr/local/lib/python3.9/site-packages (from datalad>=0.13.4->-r requirements.txt (line 7)) (2.7.4)
Requirement already satisfied: importlib-metadata>=3.6 in /usr/local/lib/python3.9/site-packages (from datalad>=0.13.4->-r requirements.txt (line 7)) (4.12.0)
Requirement already satisfied: simplejson in /usr/local/lib/python3.9/site-packages (from datalad>=0.13.4->-r requirements.txt (line 7)) (3.17.6)
Requirement already satisfied: tqdm in /usr/local/lib/python3.9/site-packages (from datalad>=0.13.4->-r requirements.txt (line 7)) (4.64.0)
Requirement already satisfied: chardet<5.0.0,>=3.0.4 in /usr/local/lib/python3.9/site-packages (from datalad>=0.13.4->-r requirements.txt (line 7)) (4.0.0)
Requirement already satisfied: fasteners>=0.14 in /usr/local/lib/python3.9/site-packages (from datalad>=0.13.4->-r requirements.txt (line 7)) (0.17.3)
Requirement already satisfied: distro in /usr/local/lib/python3.9/site-packages (from datalad>=0.13.4->-r requirements.txt (line 7)) (1.7.0)
Requirement already satisfied: annexremote in /usr/local/lib/python3.9/site-packages (from datalad>=0.13.4->-r requirements.txt (line 7)) (1.6.0)
Requirement already satisfied: platformdirs in /usr/local/lib/python3.9/site-packages (from datalad>=0.13.4->-r requirements.txt (line 7)) (2.5.2)
Requirement already satisfied: python-dateutil>=2.8.1 in /usr/local/lib/python3.9/site-packages (from pandas>=1.1.3->-r requirements.txt (line 8)) (2.8.2)
Requirement already satisfied: pytz>=2020.1 in /usr/local/lib/python3.9/site-packages (from pandas>=1.1.3->-r requirements.txt (line 8)) (2022.1)
Requirement already satisfied: pyjsparser>=2.5.1 in /usr/local/lib/python3.9/site-packages (from Js2Py>=0.67->-r requirements.txt (line 10)) (2.7.1)
Requirement already satisfied: tzlocal>=1.2 in /usr/local/lib/python3.9/site-packages (from Js2Py>=0.67->-r requirements.txt (line 10)) (4.2)
Requirement already satisfied: six>=1.10 in /usr/local/lib/python3.9/site-packages (from Js2Py>=0.67->-r requirements.txt (line 10)) (1.16.0)
Requirement already satisfied: fonttools>=4.22.0 in /usr/local/lib/python3.9/site-packages (from matplotlib>=3.2.1->-r requirements.txt (line 14)) (4.34.4)
Requirement already satisfied: cycler>=0.10 in /usr/local/lib/python3.9/site-packages (from matplotlib>=3.2.1->-r requirements.txt (line 14)) (0.11.0)
Requirement already satisfied: kiwisolver>=1.0.1 in /usr/local/lib/python3.9/site-packages (from matplotlib>=3.2.1->-r requirements.txt (line 14)) (1.4.4)
Requirement already satisfied: pyparsing>=2.2.1 in /usr/local/lib/python3.9/site-packages (from matplotlib>=3.2.1->-r requirements.txt (line 14)) (3.0.9)
Requirement already satisfied: zipp>=0.5 in /usr/local/lib/python3.9/site-packages (from importlib-metadata>=3.6->datalad>=0.13.4->-r requirements.txt (line 7)) (3.8.1)
Requirement already satisfied: certifi>=2017.4.17 in /usr/local/lib/python3.9/site-packages (from requests<3.0.0,>=2.7.0->cloudant>=2.12.0->-r requirements.txt (line 6)) (2022.6.15)
Requirement already satisfied: charset-normalizer<3,>=2 in /usr/local/lib/python3.9/site-packages (from requests<3.0.0,>=2.7.0->cloudant>=2.12.0->-r requirements.txt (line 6)) (2.1.0)
Requirement already satisfied: urllib3<1.27,>=1.21.1 in /usr/local/lib/python3.9/site-packages (from requests<3.0.0,>=2.7.0->cloudant>=2.12.0->-r requirements.txt (line 6)) (1.26.11)
Requirement already satisfied: idna<4,>=2.5 in /usr/local/lib/python3.9/site-packages (from requests<3.0.0,>=2.7.0->cloudant>=2.12.0->-r requirements.txt (line 6)) (3.3)
Requirement already satisfied: pytz-deprecation-shim in /usr/local/lib/python3.9/site-packages (from tzlocal>=1.2->Js2Py>=0.67->-r requirements.txt (line 10)) (0.1.0.post0)
Requirement already satisfied: requests-toolbelt>=0.9.1 in /usr/local/lib/python3.9/site-packages (from python-gitlab->datalad>=0.13.4->-r requirements.txt (line 7)) (0.9.1)
Requirement already satisfied: tzdata in /usr/local/lib/python3.9/site-packages (from pytz-deprecation-shim->tzlocal>=1.2->Js2Py>=0.67->-r requirements.txt (line 10)) (2022.1)
